2026-02-12 04:56:57,905 [INFO] Starting DiscoveryAgent.
2026-02-12 04:56:57,905 [INFO] Starting ContentAgent.
2026-02-12 04:56:57,906 [INFO] Starting ValidationAgent.
2026-02-12 04:56:57,906 [INFO] Starting DistributionAgent.
2026-02-12 04:56:57,907 [INFO] Pipeline completed successfully.
2026-02-13 04:51:41,013 [INFO] Starting DiscoveryAgent.
2026-02-13 04:51:41,014 [INFO] Starting ContentAgent.
2026-02-13 04:51:41,014 [INFO] Starting ValidationAgent.
2026-02-13 04:51:41,014 [INFO] Starting DistributionAgent.
2026-02-13 04:51:41,015 [INFO] Pipeline completed successfully.
2026-02-14 04:40:38,287 [INFO] Starting DiscoveryAgent.
2026-02-14 04:40:38,287 [INFO] Starting ContentAgent.
2026-02-14 04:40:38,288 [INFO] Starting ValidationAgent.
2026-02-14 04:40:38,288 [INFO] Starting DistributionAgent.
2026-02-14 04:40:38,289 [INFO] Pipeline completed successfully.
2026-02-15 04:52:43,534 [INFO] Starting DiscoveryAgent.
2026-02-15 04:52:43,534 [INFO] Starting ContentAgent.
2026-02-15 04:52:43,534 [INFO] Starting ValidationAgent.
2026-02-15 04:52:43,535 [INFO] Starting DistributionAgent.
2026-02-15 04:52:43,536 [INFO] Pipeline completed successfully.
2026-02-16 04:57:47,815 [INFO] Starting DiscoveryAgent.
2026-02-16 04:57:47,816 [INFO] Starting ContentAgent.
2026-02-16 04:57:47,816 [INFO] Starting ValidationAgent.
2026-02-16 04:57:47,816 [INFO] Starting DistributionAgent.
2026-02-16 04:57:47,817 [INFO] Pipeline completed successfully.
2026-02-17 04:50:30,328 [INFO] Starting DiscoveryAgent.
2026-02-17 04:50:30,328 [INFO] Starting ContentAgent.
2026-02-17 04:50:30,329 [INFO] Starting ValidationAgent.
2026-02-17 04:50:30,329 [INFO] Starting DistributionAgent.
2026-02-17 04:50:30,329 [INFO] Pipeline completed successfully.
